0 info it worked if it ends with ok
1 verbose cli [ 'node',
1 verbose cli   '/Users/jasondeutsch/.nvm/versions/node/v0.12.2/bin/npm',
1 verbose cli   'start' ]
2 info using npm@2.7.6
3 info using node@v0.12.2
4 verbose stack Error: missing script: start
4 verbose stack     at run (/Users/jasondeutsch/.nvm/versions/node/v0.12.2/lib/node_modules/npm/lib/run-script.js:165:19)
4 verbose stack     at /Users/jasondeutsch/.nvm/versions/node/v0.12.2/lib/node_modules/npm/lib/run-script.js:81:5
4 verbose stack     at /Users/jasondeutsch/.nvm/versions/node/v0.12.2/lib/node_modules/npm/node_modules/read-package-json/read-json.js:345:5
4 verbose stack     at checkBinReferences_ (/Users/jasondeutsch/.nvm/versions/node/v0.12.2/lib/node_modules/npm/node_modules/read-package-json/read-json.js:309:45)
4 verbose stack     at final (/Users/jasondeutsch/.nvm/versions/node/v0.12.2/lib/node_modules/npm/node_modules/read-package-json/read-json.js:343:3)
4 verbose stack     at then (/Users/jasondeutsch/.nvm/versions/node/v0.12.2/lib/node_modules/npm/node_modules/read-package-json/read-json.js:113:5)
4 verbose stack     at /Users/jasondeutsch/.nvm/versions/node/v0.12.2/lib/node_modules/npm/node_modules/read-package-json/read-json.js:300:12
4 verbose stack     at evalmachine.<anonymous>:334:14
4 verbose stack     at /Users/jasondeutsch/.nvm/versions/node/v0.12.2/lib/node_modules/npm/node_modules/graceful-fs/graceful-fs.js:102:5
4 verbose stack     at FSReqWrap.oncomplete (evalmachine.<anonymous>:95:15)
5 verbose cwd /Users/jasondeutsch/Desktop/bloc-dev/bloc-vagrant/app/protoui
6 error Darwin 14.3.0
7 error argv "node" "/Users/jasondeutsch/.nvm/versions/node/v0.12.2/bin/npm" "start"
8 error node v0.12.2
9 error npm  v2.7.6
10 error missing script: start
11 error If you need help, you may report this error at:
11 error     <https://github.com/npm/npm/issues>
12 verbose exit [ 1, true ]
